<?xml version="1.0" encoding="UTF-8"?>
<!-- Generated by org.testng.reporters.JUnitReportReporter -->
<testsuite hostname="Shadmans-MacBook-Pro.local" failures="0" tests="2" name="com.bit.test.UnitTest" time="0.006" errors="0" timestamp="2024-08-31T12:26:45 EDT" skipped="0">
  <testcase classname="com.bit.test.UnitTest" name="test3" time="0.003"/>
  <system-out/>
  <testcase classname="com.bit.test.UnitTest" name="test2" time="0.003"/>
  <system-out/>
</testsuite> <!-- com.bit.test.UnitTest -->
