<?xml version="1.0" encoding="UTF-8"?>
<!-- Generated by org.testng.reporters.JUnitReportReporter -->
<testsuite hostname="Shadmans-MacBook-Pro.local" failures="0" tests="1" name="com.bit.test.SmokeTest" time="0.003" errors="0" timestamp="2024-08-31T12:26:45 EDT" skipped="0">
  <testcase classname="com.bit.test.SmokeTest" name="test1" time="0.003"/>
  <system-out/>
</testsuite> <!-- com.bit.test.SmokeTest -->
